# JRE version: OpenJDK Runtime Environment (21.0.4) (build 21.0.4+-12508038-b607.1)
# Java VM: OpenJDK 64-Bit Server VM (21.0.4+-12508038-b607.1, mixed mode, tiered, compressed oops, compressed class ptrs, g1 gc, windows-amd64)
GC Precious Log:
 CardTable entry size: 512
 Card Set container configuration: InlinePtr #cards 4 size 8 Array Of Cards #cards 16 size 48 Howl #buckets 8 coarsen threshold 3686 Howl Bitmap #cards 512 size 80 coarsen threshold 460 Card regions per heap region 1 cards per card region 4096
 CPUs: 4 total, 4 available
 Memory: 10178M
 Large Page Support: Disabled
 NUMA Support: Disabled
 Compressed Oops: Enabled (Zero based)
 Heap Region Size: 2M
 Heap Min Capacity: 8M
 Heap Initial Capacity: 160M
 Heap Max Capacity: 4G
 Pre-touch: Disabled
 Parallel Workers: 4
 Concurrent Workers: 1
 Concurrent Refinement Workers: 4
 Periodic GC: Disabled
Heap:
 garbage-first heap   total 167936K, used 123848K [0x0000000700000000, 0x0000000800000000)
  region size 2048K, 2 young (4096K), 2 survivors (4096K)
 Metaspace       used 58008K, committed 59520K, reserved 1114112K
  class space    used 7851K, committed 8576K, reserved 1048576K
GC Heap History (20 events):
Event: 7.869 GC heap after
{Heap after GC invocations=16 (full 0):
 garbage-first heap   total 100352K, used 51672K [0x0000000700000000, 0x0000000800000000)
  region size 2048K, 3 young (6144K), 3 survivors (6144K)
 Metaspace       used 49145K, committed 50368K, reserved 1114112K
  class space    used 6633K, committed 7232K, reserved 1048576K
}
Event: 7.973 GC heap before
{Heap before GC invocations=16 (full 0):
 garbage-first heap   total 100352K, used 55768K [0x0000000700000000, 0x0000000800000000)
  region size 2048K, 7 young (14336K), 3 survivors (6144K)
 Metaspace       used 49603K, committed 50880K, reserved 1114112K
  class space    used 6683K, committed 7296K, reserved 1048576K
}
Event: 7.981 GC heap after
{Heap after GC invocations=17 (full 0):
 garbage-first heap   total 100352K, used 53592K [0x0000000700000000, 0x0000000800000000)
  region size 2048K, 3 young (6144K), 3 survivors (6144K)
 Metaspace       used 49603K, committed 50880K, reserved 1114112K
  class space    used 6683K, committed 7296K, reserved 1048576K
}
Event: 8.586 GC heap before
{Heap before GC invocations=18 (full 0):
 garbage-first heap   total 100352K, used 88408K [0x0000000700000000, 0x0000000800000000)
  region size 2048K, 18 young (36864K), 3 survivors (6144K)
 Metaspace       used 54096K, committed 55680K, reserved 1114112K
  class space    used 7295K, committed 8064K, reserved 1048576K
}
Event: 8.594 GC heap after
{Heap after GC invocations=19 (full 0):
 garbage-first heap   total 100352K, used 54491K [0x0000000700000000, 0x0000000800000000)
  region size 2048K, 2 young (4096K), 2 survivors (4096K)
 Metaspace       used 54096K, committed 55680K, reserved 1114112K
  class space    used 7295K, committed 8064K, reserved 1048576K
}
Event: 9.307 GC heap before
{Heap before GC invocations=19 (full 0):
 garbage-first heap   total 100352K, used 87259K [0x0000000700000000, 0x0000000800000000)
  region size 2048K, 17 young (34816K), 2 survivors (4096K)
 Metaspace       used 56559K, committed 58112K, reserved 1114112K
  class space    used 7692K, committed 8448K, reserved 1048576K
}
Event: 9.318 GC heap after
{Heap after GC invocations=20 (full 0):
 garbage-first heap   total 100352K, used 59638K [0x0000000700000000, 0x0000000800000000)
  region size 2048K, 3 young (6144K), 3 survivors (6144K)
 Metaspace       used 56559K, committed 58112K, reserved 1114112K
  class space    used 7692K, committed 8448K, reserved 1048576K
}
Event: 9.526 GC heap before
{Heap before GC invocations=20 (full 0):
 garbage-first heap   total 100352K, used 84214K [0x0000000700000000, 0x0000000800000000)
  region size 2048K, 16 young (32768K), 3 survivors (6144K)
 Metaspace       used 57655K, committed 59136K, reserved 1114112K
  class space    used 7850K, committed 8576K, reserved 1048576K
}
Event: 9.543 GC heap after
{Heap after GC invocations=21 (full 0):
 garbage-first heap   total 120832K, used 65248K [0x0000000700000000, 0x0000000800000000)
  region size 2048K, 2 young (4096K), 2 survivors (4096K)
 Metaspace       used 57655K, committed 59136K, reserved 1114112K
  class space    used 7850K, committed 8576K, reserved 1048576K
}
Event: 10.067 GC heap before
{Heap before GC invocations=22 (full 0):
 garbage-first heap   total 120832K, used 104160K [0x0000000700000000, 0x0000000800000000)
  region size 2048K, 21 young (43008K), 2 survivors (4096K)
 Metaspace       used 57840K, committed 59328K, reserved 1114112K
  class space    used 7851K, committed 8576K, reserved 1048576K
}
Event: 10.092 GC heap after
{Heap after GC invocations=23 (full 0):
 garbage-first heap   total 122880K, used 78964K [0x0000000700000000, 0x0000000800000000)
  region size 2048K, 3 young (6144K), 3 survivors (6144K)
 Metaspace       used 57840K, committed 59328K, reserved 1114112K
  class space    used 7851K, committed 8576K, reserved 1048576K
}
Event: 10.240 GC heap before
{Heap before GC invocations=23 (full 0):
 garbage-first heap   total 122880K, used 101492K [0x0000000700000000, 0x0000000800000000)
  region size 2048K, 15 young (30720K), 3 survivors (6144K)
 Metaspace       used 57894K, committed 59392K, reserved 1114112K
  class space    used 7851K, committed 8576K, reserved 1048576K
}
Event: 10.267 GC heap after
{Heap after GC invocations=24 (full 0):
 garbage-first heap   total 124928K, used 91469K [0x0000000700000000, 0x0000000800000000)
  region size 2048K, 2 young (4096K), 2 survivors (4096K)
 Metaspace       used 57894K, committed 59392K, reserved 1114112K
  class space    used 7851K, committed 8576K, reserved 1048576K
}
Event: 10.377 GC heap before
{Heap before GC invocations=24 (full 0):
 garbage-first heap   total 124928K, used 107853K [0x0000000700000000, 0x0000000800000000)
  region size 2048K, 10 young (20480K), 2 survivors (4096K)
 Metaspace       used 57904K, committed 59456K, reserved 1114112K
  class space    used 7851K, committed 8576K, reserved 1048576K
}
Event: 10.396 GC heap after
{Heap after GC invocations=25 (full 0):
 garbage-first heap   total 124928K, used 98560K [0x0000000700000000, 0x0000000800000000)
  region size 2048K, 2 young (4096K), 2 survivors (4096K)
 Metaspace       used 57904K, committed 59456K, reserved 1114112K
  class space    used 7851K, committed 8576K, reserved 1048576K
}
Event: 10.631 GC heap before
{Heap before GC invocations=25 (full 0):
 garbage-first heap   total 167936K, used 108800K [0x0000000700000000, 0x0000000800000000)
  region size 2048K, 7 young (14336K), 2 survivors (4096K)
 Metaspace       used 57981K, committed 59520K, reserved 1114112K
  class space    used 7851K, committed 8576K, reserved 1048576K
}
Event: 10.646 GC heap after
{Heap after GC invocations=26 (full 0):
 garbage-first heap   total 167936K, used 105475K [0x0000000700000000, 0x0000000800000000)
  region size 2048K, 1 young (2048K), 1 survivors (2048K)
 Metaspace       used 57981K, committed 59520K, reserved 1114112K
  class space    used 7851K, committed 8576K, reserved 1048576K
}
Event: 10.853 GC heap before
{Heap before GC invocations=27 (full 0):
 garbage-first heap   total 167936K, used 130051K [0x0000000700000000, 0x0000000800000000)
  region size 2048K, 14 young (28672K), 1 survivors (2048K)
 Metaspace       used 58003K, committed 59520K, reserved 1114112K
  class space    used 7851K, committed 8576K, reserved 1048576K
}
Event: 10.878 GC heap after
{Heap after GC invocations=28 (full 0):
 garbage-first heap   total 167936K, used 120185K [0x0000000700000000, 0x0000000800000000)
  region size 2048K, 2 young (4096K), 2 survivors (4096K)
 Metaspace       used 58003K, committed 59520K, reserved 1114112K
  class space    used 7851K, committed 8576K, reserved 1048576K
}
Event: 10.997 GC heap before
{Heap before GC invocations=28 (full 0):
 garbage-first heap   total 167936K, used 140665K [0x0000000700000000, 0x0000000800000000)
  region size 2048K, 12 young (24576K), 2 survivors (4096K)
 Metaspace       used 58008K, committed 59520K, reserved 1114112K
  class space    used 7851K, committed 8576K, reserved 1048576K
}

