# JRE version: OpenJDK Runtime Environment (21.0.4) (build 21.0.4+-12508038-b607.1)
# Java VM: OpenJDK 64-Bit Server VM (21.0.4+-12508038-b607.1, mixed mode, tiered, compressed oops, compressed class ptrs, g1 gc, windows-amd64)
GC Precious Log:
 CardTable entry size: 512
 Card Set container configuration: InlinePtr #cards 4 size 8 Array Of Cards #cards 16 size 48 Howl #buckets 8 coarsen threshold 3686 Howl Bitmap #cards 512 size 80 coarsen threshold 460 Card regions per heap region 1 cards per card region 4096
 CPUs: 4 total, 4 available
 Memory: 10178M
 Large Page Support: Disabled
 NUMA Support: Disabled
 Compressed Oops: Enabled (Zero based)
 Heap Region Size: 2M
 Heap Min Capacity: 8M
 Heap Initial Capacity: 160M
 Heap Max Capacity: 2546M
 Pre-touch: Disabled
 Parallel Workers: 4
 Concurrent Workers: 1
 Concurrent Refinement Workers: 4
 Periodic GC: Disabled
Heap:
 garbage-first heap   total 69632K, used 41064K [0x0000000760e00000, 0x0000000800000000)
  region size 2048K, 2 young (4096K), 2 survivors (4096K)
 Metaspace       used 54369K, committed 55040K, reserved 1114112K
  class space    used 6248K, committed 6592K, reserved 1048576K
GC Heap History (20 events):
Event: 3.833 GC heap after
{Heap after GC invocations=11 (full 0):
 garbage-first heap   total 49152K, used 23602K [0x0000000760e00000, 0x0000000800000000)
  region size 2048K, 2 young (4096K), 2 survivors (4096K)
 Metaspace       used 43829K, committed 44480K, reserved 1114112K
  class space    used 5261K, committed 5568K, reserved 1048576K
}
Event: 4.044 GC heap before
{Heap before GC invocations=11 (full 0):
 garbage-first heap   total 49152K, used 37938K [0x0000000760e00000, 0x0000000800000000)
  region size 2048K, 10 young (20480K), 2 survivors (4096K)
 Metaspace       used 44462K, committed 45120K, reserved 1114112K
  class space    used 5318K, committed 5632K, reserved 1048576K
}
Event: 4.058 GC heap after
{Heap after GC invocations=12 (full 0):
 garbage-first heap   total 49152K, used 27788K [0x0000000760e00000, 0x0000000800000000)
  region size 2048K, 2 young (4096K), 2 survivors (4096K)
 Metaspace       used 44462K, committed 45120K, reserved 1114112K
  class space    used 5318K, committed 5632K, reserved 1048576K
}
Event: 4.132 GC heap before
{Heap before GC invocations=12 (full 0):
 garbage-first heap   total 49152K, used 40076K [0x0000000760e00000, 0x0000000800000000)
  region size 2048K, 8 young (16384K), 2 survivors (4096K)
 Metaspace       used 44518K, committed 45184K, reserved 1114112K
  class space    used 5318K, committed 5632K, reserved 1048576K
}
Event: 4.138 GC heap after
{Heap after GC invocations=13 (full 0):
 garbage-first heap   total 49152K, used 27728K [0x0000000760e00000, 0x0000000800000000)
  region size 2048K, 1 young (2048K), 1 survivors (2048K)
 Metaspace       used 44518K, committed 45184K, reserved 1114112K
  class space    used 5318K, committed 5632K, reserved 1048576K
}
Event: 4.493 GC heap before
{Heap before GC invocations=14 (full 0):
 garbage-first heap   total 49152K, used 40016K [0x0000000760e00000, 0x0000000800000000)
  region size 2048K, 7 young (14336K), 1 survivors (2048K)
 Metaspace       used 46467K, committed 47168K, reserved 1114112K
  class space    used 5542K, committed 5888K, reserved 1048576K
}
Event: 4.498 GC heap after
{Heap after GC invocations=15 (full 0):
 garbage-first heap   total 49152K, used 28059K [0x0000000760e00000, 0x0000000800000000)
  region size 2048K, 1 young (2048K), 1 survivors (2048K)
 Metaspace       used 46467K, committed 47168K, reserved 1114112K
  class space    used 5542K, committed 5888K, reserved 1048576K
}
Event: 5.221 GC heap before
{Heap before GC invocations=15 (full 0):
 garbage-first heap   total 49152K, used 42395K [0x0000000760e00000, 0x0000000800000000)
  region size 2048K, 8 young (16384K), 1 survivors (2048K)
 Metaspace       used 47674K, committed 48320K, reserved 1114112K
  class space    used 5582K, committed 5888K, reserved 1048576K
}
Event: 5.237 GC heap after
{Heap after GC invocations=16 (full 0):
 garbage-first heap   total 63488K, used 30475K [0x0000000760e00000, 0x0000000800000000)
  region size 2048K, 1 young (2048K), 1 survivors (2048K)
 Metaspace       used 47674K, committed 48320K, reserved 1114112K
  class space    used 5582K, committed 5888K, reserved 1048576K
}
Event: 5.840 GC heap before
{Heap before GC invocations=16 (full 0):
 garbage-first heap   total 63488K, used 53003K [0x0000000760e00000, 0x0000000800000000)
  region size 2048K, 12 young (24576K), 1 survivors (2048K)
 Metaspace       used 48200K, committed 48896K, reserved 1114112K
  class space    used 5616K, committed 5952K, reserved 1048576K
}
Event: 5.856 GC heap after
{Heap after GC invocations=17 (full 0):
 garbage-first heap   total 63488K, used 35104K [0x0000000760e00000, 0x0000000800000000)
  region size 2048K, 2 young (4096K), 2 survivors (4096K)
 Metaspace       used 48200K, committed 48896K, reserved 1114112K
  class space    used 5616K, committed 5952K, reserved 1048576K
}
Event: 6.162 GC heap before
{Heap before GC invocations=18 (full 0):
 garbage-first heap   total 63488K, used 51488K [0x0000000760e00000, 0x0000000800000000)
  region size 2048K, 10 young (20480K), 2 survivors (4096K)
 Metaspace       used 48548K, committed 49216K, reserved 1114112K
  class space    used 5641K, committed 5952K, reserved 1048576K
}
Event: 6.179 GC heap after
{Heap after GC invocations=19 (full 0):
 garbage-first heap   total 63488K, used 37942K [0x0000000760e00000, 0x0000000800000000)
  region size 2048K, 2 young (4096K), 2 survivors (4096K)
 Metaspace       used 48548K, committed 49216K, reserved 1114112K
  class space    used 5641K, committed 5952K, reserved 1048576K
}
Event: 6.214 GC heap before
{Heap before GC invocations=19 (full 0):
 garbage-first heap   total 63488K, used 50230K [0x0000000760e00000, 0x0000000800000000)
  region size 2048K, 8 young (16384K), 2 survivors (4096K)
 Metaspace       used 48548K, committed 49216K, reserved 1114112K
  class space    used 5641K, committed 5952K, reserved 1048576K
}
Event: 6.222 GC heap after
{Heap after GC invocations=20 (full 0):
 garbage-first heap   total 63488K, used 38067K [0x0000000760e00000, 0x0000000800000000)
  region size 2048K, 1 young (2048K), 1 survivors (2048K)
 Metaspace       used 48548K, committed 49216K, reserved 1114112K
  class space    used 5641K, committed 5952K, reserved 1048576K
}
Event: 6.302 GC heap before
{Heap before GC invocations=20 (full 0):
 garbage-first heap   total 63488K, used 52403K [0x0000000760e00000, 0x0000000800000000)
  region size 2048K, 8 young (16384K), 1 survivors (2048K)
 Metaspace       used 48816K, committed 49536K, reserved 1114112K
  class space    used 5668K, committed 6016K, reserved 1048576K
}
Event: 6.304 GC heap after
{Heap after GC invocations=21 (full 0):
 garbage-first heap   total 63488K, used 37716K [0x0000000760e00000, 0x0000000800000000)
  region size 2048K, 1 young (2048K), 1 survivors (2048K)
 Metaspace       used 48816K, committed 49536K, reserved 1114112K
  class space    used 5668K, committed 6016K, reserved 1048576K
}
Event: 6.668 GC heap before
{Heap before GC invocations=22 (full 0):
 garbage-first heap   total 69632K, used 50004K [0x0000000760e00000, 0x0000000800000000)
  region size 2048K, 8 young (16384K), 1 survivors (2048K)
 Metaspace       used 51137K, committed 51840K, reserved 1114112K
  class space    used 5934K, committed 6272K, reserved 1048576K
}
Event: 6.673 GC heap after
{Heap after GC invocations=23 (full 0):
 garbage-first heap   total 69632K, used 38905K [0x0000000760e00000, 0x0000000800000000)
  region size 2048K, 1 young (2048K), 1 survivors (2048K)
 Metaspace       used 51137K, committed 51840K, reserved 1114112K
  class space    used 5934K, committed 6272K, reserved 1048576K
}
Event: 7.150 GC heap before
{Heap before GC invocations=23 (full 0):
 garbage-first heap   total 69632K, used 59385K [0x0000000760e00000, 0x0000000800000000)
  region size 2048K, 11 young (22528K), 1 survivors (2048K)
 Metaspace       used 54369K, committed 55040K, reserved 1114112K
  class space    used 6248K, committed 6592K, reserved 1048576K
}

