# JRE version: OpenJDK Runtime Environment (21.0.4) (build 21.0.4+-12508038-b607.1)
# Java VM: OpenJDK 64-Bit Server VM (21.0.4+-12508038-b607.1, mixed mode, tiered, compressed oops, compressed class ptrs, g1 gc, windows-amd64)
GC Precious Log:
 CardTable entry size: 512
 Card Set container configuration: InlinePtr #cards 4 size 8 Array Of Cards #cards 16 size 48 Howl #buckets 8 coarsen threshold 3686 Howl Bitmap #cards 512 size 80 coarsen threshold 460 Card regions per heap region 1 cards per card region 4096
 CPUs: 4 total, 4 available
 Memory: 10178M
 Large Page Support: Disabled
 NUMA Support: Disabled
 Compressed Oops: Enabled (Zero based)
 Heap Region Size: 2M
 Heap Min Capacity: 8M
 Heap Initial Capacity: 160M
 Heap Max Capacity: 4G
 Pre-touch: Disabled
 Parallel Workers: 4
 Concurrent Workers: 1
 Concurrent Refinement Workers: 4
 Periodic GC: Disabled
Heap:
 garbage-first heap   total 182272K, used 131542K [0x0000000700000000, 0x0000000800000000)
  region size 2048K, 2 young (4096K), 2 survivors (4096K)
 Metaspace       used 58023K, committed 59520K, reserved 1114112K
  class space    used 7851K, committed 8576K, reserved 1048576K
GC Heap History (20 events):
Event: 7.685 GC heap after
{Heap after GC invocations=16 (full 0):
 garbage-first heap   total 96256K, used 51585K [0x0000000700000000, 0x0000000800000000)
  region size 2048K, 3 young (6144K), 3 survivors (6144K)
 Metaspace       used 49567K, committed 50816K, reserved 1114112K
  class space    used 6685K, committed 7296K, reserved 1048576K
}
Event: 8.340 GC heap before
{Heap before GC invocations=17 (full 0):
 garbage-first heap   total 96256K, used 84353K [0x0000000700000000, 0x0000000800000000)
  region size 2048K, 17 young (34816K), 3 survivors (6144K)
 Metaspace       used 53833K, committed 55296K, reserved 1114112K
  class space    used 7251K, committed 8000K, reserved 1048576K
}
Event: 8.348 GC heap after
{Heap after GC invocations=18 (full 0):
 garbage-first heap   total 96256K, used 52597K [0x0000000700000000, 0x0000000800000000)
  region size 2048K, 2 young (4096K), 2 survivors (4096K)
 Metaspace       used 53833K, committed 55296K, reserved 1114112K
  class space    used 7251K, committed 8000K, reserved 1048576K
}
Event: 9.282 GC heap before
{Heap before GC invocations=18 (full 0):
 garbage-first heap   total 96256K, used 85365K [0x0000000700000000, 0x0000000800000000)
  region size 2048K, 17 young (34816K), 2 survivors (4096K)
 Metaspace       used 56271K, committed 57792K, reserved 1114112K
  class space    used 7637K, committed 8384K, reserved 1048576K
}
Event: 9.296 GC heap after
{Heap after GC invocations=19 (full 0):
 garbage-first heap   total 96256K, used 58402K [0x0000000700000000, 0x0000000800000000)
  region size 2048K, 3 young (6144K), 3 survivors (6144K)
 Metaspace       used 56271K, committed 57792K, reserved 1114112K
  class space    used 7637K, committed 8384K, reserved 1048576K
}
Event: 9.566 GC heap before
{Heap before GC invocations=19 (full 0):
 garbage-first heap   total 96256K, used 80930K [0x0000000700000000, 0x0000000800000000)
  region size 2048K, 15 young (30720K), 3 survivors (6144K)
 Metaspace       used 57488K, committed 59008K, reserved 1114112K
  class space    used 7822K, committed 8576K, reserved 1048576K
}
Event: 9.584 GC heap after
{Heap after GC invocations=20 (full 0):
 garbage-first heap   total 96256K, used 65518K [0x0000000700000000, 0x0000000800000000)
  region size 2048K, 2 young (4096K), 2 survivors (4096K)
 Metaspace       used 57488K, committed 59008K, reserved 1114112K
  class space    used 7822K, committed 8576K, reserved 1048576K
}
Event: 9.850 GC heap before
{Heap before GC invocations=21 (full 0):
 garbage-first heap   total 110592K, used 83950K [0x0000000700000000, 0x0000000800000000)
  region size 2048K, 11 young (22528K), 2 survivors (4096K)
 Metaspace       used 57755K, committed 59264K, reserved 1114112K
  class space    used 7850K, committed 8576K, reserved 1048576K
}
Event: 9.867 GC heap after
{Heap after GC invocations=22 (full 0):
 garbage-first heap   total 110592K, used 73114K [0x0000000700000000, 0x0000000800000000)
  region size 2048K, 2 young (4096K), 2 survivors (4096K)
 Metaspace       used 57755K, committed 59264K, reserved 1114112K
  class space    used 7850K, committed 8576K, reserved 1048576K
}
Event: 10.037 GC heap before
{Heap before GC invocations=22 (full 0):
 garbage-first heap   total 110592K, used 93594K [0x0000000700000000, 0x0000000800000000)
  region size 2048K, 12 young (24576K), 2 survivors (4096K)
 Metaspace       used 57848K, committed 59328K, reserved 1114112K
  class space    used 7850K, committed 8576K, reserved 1048576K
}
Event: 10.057 GC heap after
{Heap after GC invocations=23 (full 0):
 garbage-first heap   total 159744K, used 80384K [0x0000000700000000, 0x0000000800000000)
  region size 2048K, 2 young (4096K), 2 survivors (4096K)
 Metaspace       used 57848K, committed 59328K, reserved 1114112K
  class space    used 7850K, committed 8576K, reserved 1048576K
}
Event: 10.395 GC heap before
{Heap before GC invocations=23 (full 0):
 garbage-first heap   total 159744K, used 121344K [0x0000000700000000, 0x0000000800000000)
  region size 2048K, 23 young (47104K), 2 survivors (4096K)
 Metaspace       used 57933K, committed 59456K, reserved 1114112K
  class space    used 7851K, committed 8576K, reserved 1048576K
}
Event: 10.431 GC heap after
{Heap after GC invocations=24 (full 0):
 garbage-first heap   total 159744K, used 99537K [0x0000000700000000, 0x0000000800000000)
  region size 2048K, 3 young (6144K), 3 survivors (6144K)
 Metaspace       used 57933K, committed 59456K, reserved 1114112K
  class space    used 7851K, committed 8576K, reserved 1048576K
}
Event: 10.613 GC heap before
{Heap before GC invocations=24 (full 0):
 garbage-first heap   total 159744K, used 128209K [0x0000000700000000, 0x0000000800000000)
  region size 2048K, 18 young (36864K), 3 survivors (6144K)
 Metaspace       used 57954K, committed 59456K, reserved 1114112K
  class space    used 7851K, committed 8576K, reserved 1048576K
}
Event: 10.639 GC heap after
{Heap after GC invocations=25 (full 0):
 garbage-first heap   total 159744K, used 108544K [0x0000000700000000, 0x0000000800000000)
  region size 2048K, 3 young (6144K), 3 survivors (6144K)
 Metaspace       used 57954K, committed 59456K, reserved 1114112K
  class space    used 7851K, committed 8576K, reserved 1048576K
}
Event: 11.072 GC heap before
{Heap before GC invocations=26 (full 0):
 garbage-first heap   total 182272K, used 133120K [0x0000000700000000, 0x0000000800000000)
  region size 2048K, 16 young (32768K), 3 survivors (6144K)
 Metaspace       used 58007K, committed 59520K, reserved 1114112K
  class space    used 7851K, committed 8576K, reserved 1048576K
}
Event: 11.099 GC heap after
{Heap after GC invocations=27 (full 0):
 garbage-first heap   total 182272K, used 123353K [0x0000000700000000, 0x0000000800000000)
  region size 2048K, 2 young (4096K), 2 survivors (4096K)
 Metaspace       used 58007K, committed 59520K, reserved 1114112K
  class space    used 7851K, committed 8576K, reserved 1048576K
}
Event: 11.252 GC heap before
{Heap before GC invocations=27 (full 0):
 garbage-first heap   total 182272K, used 147929K [0x0000000700000000, 0x0000000800000000)
  region size 2048K, 15 young (30720K), 2 survivors (4096K)
 Metaspace       used 58020K, committed 59520K, reserved 1114112K
  class space    used 7851K, committed 8576K, reserved 1048576K
}
Event: 11.274 GC heap after
{Heap after GC invocations=28 (full 0):
 garbage-first heap   total 182272K, used 124928K [0x0000000700000000, 0x0000000800000000)
  region size 2048K, 2 young (4096K), 2 survivors (4096K)
 Metaspace       used 58020K, committed 59520K, reserved 1114112K
  class space    used 7851K, committed 8576K, reserved 1048576K
}
Event: 11.395 GC heap before
{Heap before GC invocations=28 (full 0):
 garbage-first heap   total 182272K, used 151552K [0x0000000700000000, 0x0000000800000000)
  region size 2048K, 16 young (32768K), 2 survivors (4096K)
 Metaspace       used 58023K, committed 59520K, reserved 1114112K
  class space    used 7851K, committed 8576K, reserved 1048576K
}

