# JRE version: OpenJDK Runtime Environment (21.0.4) (build 21.0.4+-12508038-b607.1)
# Java VM: OpenJDK 64-Bit Server VM (21.0.4+-12508038-b607.1, mixed mode, tiered, compressed oops, compressed class ptrs, g1 gc, windows-amd64)
GC Precious Log:
 CardTable entry size: 512
 Card Set container configuration: InlinePtr #cards 5 size 8 Array Of Cards #cards 12 size 40 Howl #buckets 4 coarsen threshold 1843 Howl Bitmap #cards 512 size 80 coarsen threshold 460 Card regions per heap region 1 cards per card region 2048
 CPUs: 4 total, 4 available
 Memory: 10178M
 Large Page Support: Disabled
 NUMA Support: Disabled
 Compressed Oops: Enabled (32-bit)
 Heap Region Size: 1M
 Heap Min Capacity: 8M
 Heap Initial Capacity: 160M
 Heap Max Capacity: 2G
 Pre-touch: Disabled
 Parallel Workers: 4
 Concurrent Workers: 1
 Concurrent Refinement Workers: 4
 Periodic GC: Disabled
Heap:
 garbage-first heap   total 268288K, used 180224K [0x0000000080000000, 0x0000000100000000)
  region size 1024K, 27 young (27648K), 6 survivors (6144K)
 Metaspace       used 118406K, committed 120704K, reserved 1179648K
  class space    used 15816K, committed 16960K, reserved 1048576K
GC Heap History (20 events):
Event: 21.241 GC heap before
{Heap before GC invocations=39 (full 0):
 garbage-first heap   total 150528K, used 117984K [0x0000000080000000, 0x0000000100000000)
  region size 1024K, 33 young (33792K), 7 survivors (7168K)
 Metaspace       used 93042K, committed 94976K, reserved 1179648K
  class space    used 12381K, committed 13312K, reserved 1048576K
}
Event: 21.252 GC heap after
{Heap after GC invocations=40 (full 0):
 garbage-first heap   total 150528K, used 94787K [0x0000000080000000, 0x0000000100000000)
  region size 1024K, 2 young (2048K), 2 survivors (2048K)
 Metaspace       used 93042K, committed 94976K, reserved 1179648K
  class space    used 12381K, committed 13312K, reserved 1048576K
}
Event: 22.030 GC heap before
{Heap before GC invocations=41 (full 0):
 garbage-first heap   total 160768K, used 138819K [0x0000000080000000, 0x0000000100000000)
  region size 1024K, 44 young (45056K), 2 survivors (2048K)
 Metaspace       used 96434K, committed 98368K, reserved 1179648K
  class space    used 12993K, committed 13952K, reserved 1048576K
}
Event: 22.036 GC heap after
{Heap after GC invocations=42 (full 0):
 garbage-first heap   total 160768K, used 95610K [0x0000000080000000, 0x0000000100000000)
  region size 1024K, 3 young (3072K), 3 survivors (3072K)
 Metaspace       used 96434K, committed 98368K, reserved 1179648K
  class space    used 12993K, committed 13952K, reserved 1048576K
}
Event: 22.980 GC heap before
{Heap before GC invocations=42 (full 0):
 garbage-first heap   total 160768K, used 147834K [0x0000000080000000, 0x0000000100000000)
  region size 1024K, 54 young (55296K), 3 survivors (3072K)
 Metaspace       used 100229K, committed 102272K, reserved 1179648K
  class space    used 13546K, committed 14592K, reserved 1048576K
}
Event: 22.990 GC heap after
{Heap after GC invocations=43 (full 0):
 garbage-first heap   total 160768K, used 95705K [0x0000000080000000, 0x0000000100000000)
  region size 1024K, 5 young (5120K), 5 survivors (5120K)
 Metaspace       used 100229K, committed 102272K, reserved 1179648K
  class space    used 13546K, committed 14592K, reserved 1048576K
}
Event: 23.966 GC heap before
{Heap before GC invocations=43 (full 0):
 garbage-first heap   total 160768K, used 145881K [0x0000000080000000, 0x0000000100000000)
  region size 1024K, 54 young (55296K), 5 survivors (5120K)
 Metaspace       used 104034K, committed 106112K, reserved 1179648K
  class space    used 14100K, committed 15168K, reserved 1048576K
}
Event: 23.979 GC heap after
{Heap after GC invocations=44 (full 0):
 garbage-first heap   total 160768K, used 99142K [0x0000000080000000, 0x0000000100000000)
  region size 1024K, 7 young (7168K), 7 survivors (7168K)
 Metaspace       used 104034K, committed 106112K, reserved 1179648K
  class space    used 14100K, committed 15168K, reserved 1048576K
}
Event: 24.898 GC heap before
{Heap before GC invocations=45 (full 0):
 garbage-first heap   total 165888K, used 144198K [0x0000000080000000, 0x0000000100000000)
  region size 1024K, 51 young (52224K), 7 survivors (7168K)
 Metaspace       used 107903K, committed 109952K, reserved 1179648K
  class space    used 14661K, committed 15680K, reserved 1048576K
}
Event: 24.912 GC heap after
{Heap after GC invocations=46 (full 0):
 garbage-first heap   total 165888K, used 101984K [0x0000000080000000, 0x0000000100000000)
  region size 1024K, 7 young (7168K), 7 survivors (7168K)
 Metaspace       used 107903K, committed 109952K, reserved 1179648K
  class space    used 14661K, committed 15680K, reserved 1048576K
}
Event: 25.786 GC heap before
{Heap before GC invocations=46 (full 0):
 garbage-first heap   total 165888K, used 152160K [0x0000000080000000, 0x0000000100000000)
  region size 1024K, 52 young (53248K), 7 survivors (7168K)
 Metaspace       used 111380K, committed 113472K, reserved 1179648K
  class space    used 14959K, committed 16000K, reserved 1048576K
}
Event: 25.806 GC heap after
{Heap after GC invocations=47 (full 0):
 garbage-first heap   total 167936K, used 106913K [0x0000000080000000, 0x0000000100000000)
  region size 1024K, 7 young (7168K), 7 survivors (7168K)
 Metaspace       used 111380K, committed 113472K, reserved 1179648K
  class space    used 14959K, committed 16000K, reserved 1048576K
}
Event: 26.654 GC heap before
{Heap before GC invocations=47 (full 0):
 garbage-first heap   total 167936K, used 150945K [0x0000000080000000, 0x0000000100000000)
  region size 1024K, 50 young (51200K), 7 survivors (7168K)
 Metaspace       used 113509K, committed 115712K, reserved 1179648K
  class space    used 15298K, committed 16448K, reserved 1048576K
}
Event: 26.673 GC heap after
{Heap after GC invocations=48 (full 0):
 garbage-first heap   total 201728K, used 113492K [0x0000000080000000, 0x0000000100000000)
  region size 1024K, 6 young (6144K), 6 survivors (6144K)
 Metaspace       used 113509K, committed 115712K, reserved 1179648K
  class space    used 15298K, committed 16448K, reserved 1048576K
}
Event: 28.282 GC heap before
{Heap before GC invocations=49 (full 0):
 garbage-first heap   total 201728K, used 180052K [0x0000000080000000, 0x0000000100000000)
  region size 1024K, 70 young (71680K), 6 survivors (6144K)
 Metaspace       used 115706K, committed 117888K, reserved 1179648K
  class space    used 15586K, committed 16704K, reserved 1048576K
}
Event: 28.305 GC heap after
{Heap after GC invocations=50 (full 0):
 garbage-first heap   total 201728K, used 126790K [0x0000000080000000, 0x0000000100000000)
  region size 1024K, 9 young (9216K), 9 survivors (9216K)
 Metaspace       used 115706K, committed 117888K, reserved 1179648K
  class space    used 15586K, committed 16704K, reserved 1048576K
}
Event: 29.194 GC heap before
{Heap before GC invocations=50 (full 0):
 garbage-first heap   total 201728K, used 181062K [0x0000000080000000, 0x0000000100000000)
  region size 1024K, 56 young (57344K), 9 survivors (9216K)
 Metaspace       used 116447K, committed 118656K, reserved 1179648K
  class space    used 15655K, committed 16768K, reserved 1048576K
}
Event: 29.219 GC heap after
{Heap after GC invocations=51 (full 0):
 garbage-first heap   total 204800K, used 138752K [0x0000000080000000, 0x0000000100000000)
  region size 1024K, 7 young (7168K), 7 survivors (7168K)
 Metaspace       used 116447K, committed 118656K, reserved 1179648K
  class space    used 15655K, committed 16768K, reserved 1048576K
}
Event: 29.531 GC heap before
{Heap before GC invocations=51 (full 0):
 garbage-first heap   total 204800K, used 159232K [0x0000000080000000, 0x0000000100000000)
  region size 1024K, 29 young (29696K), 7 survivors (7168K)
 Metaspace       used 116506K, committed 118720K, reserved 1179648K
  class space    used 15658K, committed 16768K, reserved 1048576K
}
Event: 29.550 GC heap after
{Heap after GC invocations=52 (full 0):
 garbage-first heap   total 204800K, used 145408K [0x0000000080000000, 0x0000000100000000)
  region size 1024K, 6 young (6144K), 6 survivors (6144K)
 Metaspace       used 116506K, committed 118720K, reserved 1179648K
  class space    used 15658K, committed 16768K, reserved 1048576K
}

